
                            < M A T L A B (R) >
                  Copyright 1984-2013 The MathWorks, Inc.
                    R2013a (8.1.0.604) 64-bit (glnxa64)
                             February 15, 2013

 
To get started, type one of these: helpwin, helpdesk, or demo.
For product information, visit www.mathworks.com.
 
>> >> >> >> >> >> >> >> >> >> >> >> >> >> >> >> >> >> >> >> >> >> >> >> >> >> >> >> >> >> >> 
____________________________________________________________
   Diagnostic Information

Number of variables: 160

Functions 
Objective and gradient:               @(x)ffun(x,grape2)
Hessian:                              finite-differencing (or Quasi-Newton)
 

Algorithm selected
   medium-scale: Quasi-Newton line search


____________________________________________________________
   End diagnostic information
                                                        First-order 
 Iteration  Func-count       f(x)        Step-size       optimality
     0           1         0.741807                      3.37e-06
     1          11         0.504146    4.35848e+08       8.72e-07  
     2          12         0.502744              1       7.63e-07  
     3          13          0.50094              1       4.91e-07  
     4          15          0.50037       0.254635       4.02e-07  
     5          17         0.499943       0.349661       4.56e-07  
     6          18         0.499182              1       7.67e-07  
     7          21         0.493602            1.9       2.99e-06  
     8          24         0.492639      0.0119833       4.77e-06  
     9          26         0.492546       0.179438        5.1e-06  
    10          28         0.489385         0.2703        5.8e-06  
    11          30         0.481752       0.242763        6.7e-06  
    12          32         0.473044       0.233828       7.34e-06  
    13          34         0.460742       0.253632       7.69e-06  
    14          36          0.44277       0.258362       7.68e-06  
    15          38         0.419027       0.263919       7.62e-06  
    16          40          0.38452       0.299851        7.3e-06  
    17          42         0.338674       0.253386       7.81e-06  
    18          44         0.300694       0.164445       7.89e-06  
    19          46         0.252504       0.302033       7.11e-06  
                                                        First-order 
 Iteration  Func-count       f(x)        Step-size       optimality
    20          47         0.179855              1       6.31e-06  
    21          48        0.0735459              1       3.79e-06  
    22          50        0.0397933       0.386434       2.43e-06  
    23          52        0.0293161       0.322476       1.85e-06  
    24          53        0.0263905              1       1.58e-06  
    25          54        0.0184779              1       7.15e-07  
    26          55        0.0173103              1       4.73e-07  
    27          56        0.0169055              1       2.68e-07  
    28          58         0.016785       0.339224       1.77e-07  
    29          59        0.0166779              1       1.77e-07  
    30          60        0.0165583              1       1.59e-07  
    31          61        0.0162072              1       4.39e-07  
    32          62        0.0155956              1       6.47e-07  
    33          63        0.0131681              1       6.69e-07  
    34          87        0.0121453      0.0564005       7.89e-07  

Local minimum possible.

fminunc stopped because it cannot decrease the objective function
along the current search direction.




____________________________________________________________
   Diagnostic Information

Number of variables: 800

Functions 
Objective and gradient:               @(x)ffun(x,grape2)
Hessian:                              finite-differencing (or Quasi-Newton)
 

Algorithm selected
   medium-scale: Quasi-Newton line search


____________________________________________________________
   End diagnostic information
                                                        First-order 
 Iteration  Func-count       f(x)        Step-size       optimality
     0           1        0.0234597                      4.02e-07
     1          11        0.0155499    4.35848e+08       2.54e-07  
     2          12        0.0105326              1       4.43e-08  
     3          13        0.0104158              1       2.24e-08  
     4          14        0.0103688              1       1.39e-08  
     5          15        0.0103393              1       1.64e-08  
     6          16        0.0102066              1       3.51e-08  
     7          17       0.00996336              1       5.47e-08  
     8          18       0.00935606              1       8.68e-08  
     9          19       0.00827506              1       1.28e-07  
    10          20       0.00692545              1       1.38e-07  
    11          21       0.00565055              1        7.6e-08  
    12          22       0.00518178              1       2.08e-08  
    13          23       0.00514903              1       8.83e-09  
    14          24       0.00514155              1       1.42e-08  
    15          25       0.00513741              1       1.32e-08  
    16          26       0.00512503              1       6.53e-09  
    17          27       0.00511859              1       8.48e-09  
    18          28       0.00510041              1       9.76e-09  
    19          30       0.00497451         8.2352       1.56e-08  
